<?xml version="1.0" encoding="UTF-8"?>
<testsuite name="dev.jasonpearson.sampleandroidmcp.ExampleUnitTest" tests="1" skipped="0" failures="0" errors="0" timestamp="2025-06-01T06:45:08.905Z" hostname="mac.lan" time="0.002">
  <properties/>
  <testcase name="addition_isCorrect" classname="dev.jasonpearson.sampleandroidmcp.ExampleUnitTest" time="0.002"/>
  <system-out><![CDATA[]]></system-out>
  <system-err><![CDATA[]]></system-err>
</testsuite>
